<?xml version="1.0" encoding="UTF-8"?>
<testsuite xmlns:xsi="http://www.w3.org/2001/XMLSchema-instance" xsi:noNamespaceSchemaLocation="https://maven.apache.org/surefire/maven-surefire-plugin/xsd/surefire-test-report.xsd" name="org.sonatype.mavenbook.AppTest" time="0.061" tests="1" errors="0" skipped="0" failures="0">
  <properties>
    <property name="java.specification.version" value="15"/>
    <property name="sun.cpu.isalist" value="amd64"/>
    <property name="sun.jnu.encoding" value="MS949"/>
    <property name="java.class.path" value="C:\Users\men16\eclipse-workspace\simple-weather\target\test-classes;C:\Users\men16\eclipse-workspace\simple-weather\target\classes;D:\Repository\log4j\log4j\1.2.14\log4j-1.2.14.jar;D:\Repository\dom4j\dom4j\1.6.1\dom4j-1.6.1.jar;D:\Repository\xml-apis\xml-apis\1.0.b2\xml-apis-1.0.b2.jar;D:\Repository\jaxen\jaxen\1.1.1\jaxen-1.1.1.jar;D:\Repository\jdom\jdom\1.0\jdom-1.0.jar;D:\Repository\xerces\xercesImpl\2.6.2\xercesImpl-2.6.2.jar;D:\Repository\xom\xom\1.0\xom-1.0.jar;D:\Repository\xerces\xmlParserAPIs\2.6.2\xmlParserAPIs-2.6.2.jar;D:\Repository\xalan\xalan\2.6.0\xalan-2.6.0.jar;D:\Repository\com\ibm\icu\icu4j\2.6.1\icu4j-2.6.1.jar;D:\Repository\velocity\velocity\1.5\velocity-1.5.jar;D:\Repository\commons-collections\commons-collections\3.1\commons-collections-3.1.jar;D:\Repository\commons-lang\commons-lang\2.1\commons-lang-2.1.jar;D:\Repository\oro\oro\2.0.8\oro-2.0.8.jar;D:\Repository\junit\junit\4.11\junit-4.11.jar;D:\Repository\org\hamcrest\hamcrest-core\1.3\hamcrest-core-1.3.jar;"/>
    <property name="java.vm.vendor" value="Oracle Corporation"/>
    <property name="sun.arch.data.model" value="64"/>
    <property name="user.variant" value=""/>
    <property name="java.vendor.url" value="https://java.oracle.com/"/>
    <property name="user.timezone" value="Asia/Seoul"/>
    <property name="os.name" value="Windows 10"/>
    <property name="java.vm.specification.version" value="15"/>
    <property name="sun.java.launcher" value="SUN_STANDARD"/>
    <property name="user.country" value="KR"/>
    <property name="sun.boot.library.path" value="C:\Program Files\JAVA\jdk-15.0.1\bin"/>
    <property name="sun.java.command" value="C:\Users\men16\AppData\Local\Temp\surefire11659925178228184734\surefirebooter14527519625382612593.jar C:\Users\men16\AppData\Local\Temp\surefire11659925178228184734 2020-12-06T16-18-25_067-jvmRun1 surefire1117140764075779494tmp surefire_07629871306985305693tmp"/>
    <property name="jdk.debug" value="release"/>
    <property name="surefire.test.class.path" value="C:\Users\men16\eclipse-workspace\simple-weather\target\test-classes;C:\Users\men16\eclipse-workspace\simple-weather\target\classes;D:\Repository\log4j\log4j\1.2.14\log4j-1.2.14.jar;D:\Repository\dom4j\dom4j\1.6.1\dom4j-1.6.1.jar;D:\Repository\xml-apis\xml-apis\1.0.b2\xml-apis-1.0.b2.jar;D:\Repository\jaxen\jaxen\1.1.1\jaxen-1.1.1.jar;D:\Repository\jdom\jdom\1.0\jdom-1.0.jar;D:\Repository\xerces\xercesImpl\2.6.2\xercesImpl-2.6.2.jar;D:\Repository\xom\xom\1.0\xom-1.0.jar;D:\Repository\xerces\xmlParserAPIs\2.6.2\xmlParserAPIs-2.6.2.jar;D:\Repository\xalan\xalan\2.6.0\xalan-2.6.0.jar;D:\Repository\com\ibm\icu\icu4j\2.6.1\icu4j-2.6.1.jar;D:\Repository\velocity\velocity\1.5\velocity-1.5.jar;D:\Repository\commons-collections\commons-collections\3.1\commons-collections-3.1.jar;D:\Repository\commons-lang\commons-lang\2.1\commons-lang-2.1.jar;D:\Repository\oro\oro\2.0.8\oro-2.0.8.jar;D:\Repository\junit\junit\4.11\junit-4.11.jar;D:\Repository\org\hamcrest\hamcrest-core\1.3\hamcrest-core-1.3.jar;"/>
    <property name="sun.cpu.endian" value="little"/>
    <property name="user.home" value="C:\Users\men16"/>
    <property name="user.language" value="ko"/>
    <property name="java.specification.vendor" value="Oracle Corporation"/>
    <property name="java.version.date" value="2020-10-20"/>
    <property name="java.home" value="C:\Program Files\JAVA\jdk-15.0.1"/>
    <property name="file.separator" value="\"/>
    <property name="basedir" value="C:\Users\men16\eclipse-workspace\simple-weather"/>
    <property name="java.vm.compressedOopsMode" value="Zero based"/>
    <property name="line.separator" value="&#10;"/>
    <property name="java.vm.specification.vendor" value="Oracle Corporation"/>
    <property name="java.specification.name" value="Java Platform API Specification"/>
    <property name="surefire.real.class.path" value="C:\Users\men16\AppData\Local\Temp\surefire11659925178228184734\surefirebooter14527519625382612593.jar"/>
    <property name="user.script" value=""/>
    <property name="sun.management.compiler" value="HotSpot 64-Bit Tiered Compilers"/>
    <property name="java.runtime.version" value="15.0.1+9-18"/>
    <property name="user.name" value="men16"/>
    <property name="path.separator" value=";"/>
    <property name="os.version" value="10.0"/>
    <property name="java.runtime.name" value="OpenJDK Runtime Environment"/>
    <property name="file.encoding" value="MS949"/>
    <property name="java.vm.name" value="OpenJDK 64-Bit Server VM"/>
    <property name="localRepository" value="D:\Repository"/>
    <property name="java.vendor.url.bug" value="https://bugreport.java.com/bugreport/"/>
    <property name="java.io.tmpdir" value="C:\Users\men16\AppData\Local\Temp\"/>
    <property name="java.version" value="15.0.1"/>
    <property name="user.dir" value="C:\Users\men16\eclipse-workspace\simple-weather"/>
    <property name="os.arch" value="amd64"/>
    <property name="java.vm.specification.name" value="Java Virtual Machine Specification"/>
    <property name="sun.os.patch.level" value=""/>
    <property name="java.library.path" value="C:\Program Files\JAVA\jdk-15.0.1\bin;C:\Windows\Sun\Java\bin;C:\Windows\system32;C:\Windows;C:/Program Files/JAVA/jdk-15.0.1/bin/server;C:/Program Files/JAVA/jdk-15.0.1/bin;C:\Program Files (x86)\NAT Service;C:\Users\men16\AppData\Local\Microsoft\WindowsApps;C:\Program Files\JAVA\jdk-15.0.1\bin;C:\Program Files\apache-maven-3.6.3\bin;;C:\Program Files (x86)\ESTsoft\ALSee\x64;C:\Users\men16\Desktop;;."/>
    <property name="java.vm.info" value="mixed mode, sharing"/>
    <property name="java.vendor" value="Oracle Corporation"/>
    <property name="java.vm.version" value="15.0.1+9-18"/>
    <property name="sun.io.unicode.encoding" value="UnicodeLittle"/>
    <property name="java.class.version" value="59.0"/>
  </properties>
  <testcase name="shouldAnswerWithTrue" classname="org.sonatype.mavenbook.AppTest" time="0.003"/>
</testsuite>